<?xml version="1.0" encoding="UTF-8"?>
<!-- Generated by org.testng.reporters.JUnitReportReporter -->
<testsuite hostname="DESKTOP-JCSH58D" failures="0" tests="2" name="day1.HttpRequest" time="7.046" errors="0" timestamp="2025-03-14T18:17:21 IST" skipped="1">
  <testcase classname="day1.HttpRequest" name="postUser" time="7.046"/>
  <testcase classname="day1.HttpRequest" name="getUser">
    <skipped/>
  </testcase> <!-- getUser -->
</testsuite> <!-- day1.HttpRequest -->
