<?xml version="1.0" encoding="UTF-8"?>
<!-- Generated by org.testng.reporters.JUnitReportReporter -->
<testsuite hostname="DESKTOP-JCSH58D" failures="0" tests="4" name="day1.HttpRequest" time="8.016" errors="0" timestamp="2025-03-13T20:43:51 IST" skipped="1">
  <testcase classname="day1.HttpRequest" name="postUser" time="6.843"/>
  <testcase classname="day1.HttpRequest" name="putUser" time="0.728"/>
  <testcase classname="day1.HttpRequest" name="deleteUser" time="0.445"/>
  <testcase classname="day1.HttpRequest" name="getUser">
    <skipped/>
  </testcase> <!-- getUser -->
</testsuite> <!-- day1.HttpRequest -->
