<?xml version="1.0" encoding="UTF-8"?>
<!-- Generated by org.testng.reporters.JUnitReportReporter -->
<testsuite hostname="DESKTOP-JCSH58D" failures="0" tests="1" name="day2.PostRequest" time="5.856" errors="0" timestamp="2025-03-14T19:02:31 IST" skipped="0">
  <testcase classname="day2.PostRequest" name="postMultiple" time="5.856"/>
</testsuite> <!-- day2.PostRequest -->
