<?xml version="1.0" encoding="UTF-8"?>
<!-- Generated by org.testng.reporters.JUnitReportReporter -->
<testsuite hostname="DESKTOP-JCSH58D" failures="0" tests="1" name="day2.PathAndOuery" time="4.886" errors="0" timestamp="2025-03-14T19:27:26 IST" skipped="0">
  <testcase classname="day2.PathAndOuery" name="pathAndQueryParm" time="4.886"/>
</testsuite> <!-- day2.PathAndOuery -->
