<?xml version="1.0" encoding="UTF-8"?>
<!-- Generated by org.testng.reporters.JUnitReportReporter -->
<testsuite hostname="DESKTOP-JCSH58D" failures="0" tests="1" name="day2.JsonPathResponse" time="5.992" errors="0" timestamp="2025-03-14T20:21:19 IST" skipped="0">
  <testcase classname="day2.JsonPathResponse" name="jsonPath" time="5.992"/>
</testsuite> <!-- day2.JsonPathResponse -->
