<?xml version="1.0" encoding="UTF-8"?>
<!-- Generated by org.testng.reporters.JUnitReportReporter -->
<testsuite hostname="DESKTOP-JCSH58D" failures="0" tests="1" name="day2.CookieClass" time="3.849" errors="0" timestamp="2025-03-14T19:34:11 IST" skipped="0">
  <testcase classname="day2.CookieClass" name="getCookie" time="3.849"/>
</testsuite> <!-- day2.CookieClass -->
