<?xml version="1.0" encoding="UTF-8"?>
<!-- Generated by org.testng.reporters.JUnitReportReporter -->
<testsuite hostname="DESKTOP-JCSH58D" failures="0" tests="1" name="day2.HeaderClass" time="3.436" errors="0" timestamp="2025-03-14T19:48:27 IST" skipped="0">
  <testcase classname="day2.HeaderClass" name="validateHeader" time="3.436"/>
</testsuite> <!-- day2.HeaderClass -->
